{
  "stats": {
    "suites": 1,
    "tests": 8,
    "passes": 8,
    "pending": 0,
    "failures": 0,
    "start": "2023-08-14T10:05:25.779Z",
    "end": "2023-08-14T10:05:30.218Z",
    "duration": 4439,
    "testsRegistered": 8,
    "passPercent": 100,
    "pendingPercent": 0,
    "other": 0,
    "hasOther": false,
    "skipped": 0,
    "hasSkipped": false
  },
  "results": [
    {
      "uuid": "307a7393-a8fa-406d-aef5-6015435703bb",
      "title": "",
      "fullFile": "cypress/e2e/todoapp/todotest.cy.js",
      "file": "cypress/e2e/todoapp/todotest.cy.js",
      "beforeHooks": [],
      "afterHooks": [],
      "tests": [],
      "suites": [
        {
          "uuid": "ef32aa0f-9589-4333-96ed-b935b20f552d",
          "title": "simple to-do app test suite",
          "fullFile": "",
          "file": "",
          "beforeHooks": [],
          "afterHooks": [],
          "tests": [
            {
              "title": "create task with valid name and date",
              "fullTitle": "simple to-do app test suite create task with valid name and date",
              "timedOut": null,
              "duration": 1276,
              "state": "passed",
              "speed": "fast",
              "pass": true,
              "fail": false,
              "pending": false,
              "context": null,
              "code": "//enter task name\nhome.taskInput('task' + random);\n//enter date\nhome.dateInput(\"2023-03-01\");\nhome.getAddTaskButton().click();",
              "err": {},
              "uuid": "8d002fca-3880-4691-b921-836f32ac12ca",
              "parentUUID": "ef32aa0f-9589-4333-96ed-b935b20f552d",
              "isHook": false,
              "skipped": false
            },
            {
              "title": "create task with valid name and date",
              "fullTitle": "simple to-do app test suite create task with valid name and date",
              "timedOut": null,
              "duration": 882,
              "state": "passed",
              "speed": "fast",
              "pass": true,
              "fail": false,
              "pending": false,
              "context": null,
              "code": "//enter task name\nhome.taskInput('task' + random);\n//enter date\nhome.dateInput(\"2023-03-01\");\nhome.getAddTaskButton().click();",
              "err": {},
              "uuid": "29a40640-d860-4fdc-aca3-ad80140d97ec",
              "parentUUID": "ef32aa0f-9589-4333-96ed-b935b20f552d",
              "isHook": false,
              "skipped": false
            },
            {
              "title": "create task with valid name and date",
              "fullTitle": "simple to-do app test suite create task with valid name and date",
              "timedOut": null,
              "duration": 876,
              "state": "passed",
              "speed": "fast",
              "pass": true,
              "fail": false,
              "pending": false,
              "context": null,
              "code": "//enter task name\nhome.taskInput('task' + random);\n//enter date\nhome.dateInput(\"2023-03-01\");\nhome.getAddTaskButton().click();",
              "err": {},
              "uuid": "59a07908-7b16-476c-8c6c-62e87832f047",
              "parentUUID": "ef32aa0f-9589-4333-96ed-b935b20f552d",
              "isHook": false,
              "skipped": false
            },
            {
              "title": "can check off an item as Done",
              "fullTitle": "simple to-do app test suite can check off an item as Done",
              "timedOut": null,
              "duration": 261,
              "state": "passed",
              "speed": "fast",
              "pass": true,
              "fail": false,
              "pending": false,
              "context": null,
              "code": "//click on Done on the first item\nhome.getDoneButton(1).click();\n//verify the text has Not done after click on Done\ncy.get(':nth-child(1) > .unmark-as-done').should('have.text', 'Not done');",
              "err": {},
              "uuid": "766753e8-21e9-471f-b7d2-a9f251cdb0b5",
              "parentUUID": "ef32aa0f-9589-4333-96ed-b935b20f552d",
              "isHook": false,
              "skipped": false
            },
            {
              "title": "can check  Delete an item from the task list",
              "fullTitle": "simple to-do app test suite can check  Delete an item from the task list",
              "timedOut": null,
              "duration": 246,
              "state": "passed",
              "speed": "fast",
              "pass": true,
              "fail": false,
              "pending": false,
              "context": null,
              "code": "//click on delete button on the first item\nhome.getDeleteButton(1).click();\n//Validation the list items to be 2 after delete one item\ncy.get('ul').find('li').should($li => {\n  expect($li).to.have.length(2);\n});",
              "err": {},
              "uuid": "90e13a73-691b-4c40-ada3-21b95c94c155",
              "parentUUID": "ef32aa0f-9589-4333-96ed-b935b20f552d",
              "isHook": false,
              "skipped": false
            },
            {
              "title": "can check  Mark all Done",
              "fullTitle": "simple to-do app test suite can check  Mark all Done",
              "timedOut": null,
              "duration": 233,
              "state": "passed",
              "speed": "fast",
              "pass": true,
              "fail": false,
              "pending": false,
              "context": null,
              "code": "//click on Mark all done button\nhome.getMarkAllDoneButton().click();\n//Validation the list items to be 2 with Not done UI\ncy.get('ul').find('button.unmark-as-done').should($li => {\n  expect($li).to.have.length(2);\n});",
              "err": {},
              "uuid": "b9018bbd-8b44-4c29-bb35-d0a813489681",
              "parentUUID": "ef32aa0f-9589-4333-96ed-b935b20f552d",
              "isHook": false,
              "skipped": false
            },
            {
              "title": "can check  Mark all not Done",
              "fullTitle": "simple to-do app test suite can check  Mark all not Done",
              "timedOut": null,
              "duration": 269,
              "state": "passed",
              "speed": "fast",
              "pass": true,
              "fail": false,
              "pending": false,
              "context": null,
              "code": "home.getMarkAllNotDoneButton().click();\n//Validation the list items to be 1 after delete one item\ncy.get('ul').find('button.mark-done-button').should($li => {\n  expect($li).to.have.length(2);\n});",
              "err": {},
              "uuid": "dfe62f51-755c-4334-b17f-2ca0b189069a",
              "parentUUID": "ef32aa0f-9589-4333-96ed-b935b20f552d",
              "isHook": false,
              "skipped": false
            },
            {
              "title": "can check Delete all task ",
              "fullTitle": "simple to-do app test suite can check Delete all task ",
              "timedOut": null,
              "duration": 286,
              "state": "passed",
              "speed": "fast",
              "pass": true,
              "fail": false,
              "pending": false,
              "context": null,
              "code": "home.getDeleteAllButton().click();\n//Validation the list items to be 1 after delete one item\ncy.get('ul').find('li').should($li => {\n  expect($li).to.have.length(0);\n});",
              "err": {},
              "uuid": "70b84126-979a-40f4-a438-e6678c0d9eda",
              "parentUUID": "ef32aa0f-9589-4333-96ed-b935b20f552d",
              "isHook": false,
              "skipped": false
            }
          ],
          "suites": [],
          "passes": [
            "8d002fca-3880-4691-b921-836f32ac12ca",
            "29a40640-d860-4fdc-aca3-ad80140d97ec",
            "59a07908-7b16-476c-8c6c-62e87832f047",
            "766753e8-21e9-471f-b7d2-a9f251cdb0b5",
            "90e13a73-691b-4c40-ada3-21b95c94c155",
            "b9018bbd-8b44-4c29-bb35-d0a813489681",
            "dfe62f51-755c-4334-b17f-2ca0b189069a",
            "70b84126-979a-40f4-a438-e6678c0d9eda"
          ],
          "failures": [],
          "pending": [],
          "skipped": [],
          "duration": 4329,
          "root": false,
          "rootEmpty": false,
          "_timeout": 2000
        }
      ],
      "passes": [],
      "failures": [],
      "pending": [],
      "skipped": [],
      "duration": 0,
      "root": true,
      "rootEmpty": true,
      "_timeout": 2000
    }
  ],
  "meta": {
    "mocha": {
      "version": "7.0.1"
    },
    "mochawesome": {
      "options": {
        "quiet": false,
        "reportFilename": "mochawesome",
        "saveHtml": true,
        "saveJson": true,
        "consoleReporter": "spec",
        "useInlineDiffs": false,
        "code": true
      },
      "version": "7.1.3"
    },
    "marge": {
      "options": {
        "reportDir": "cypress/results",
        "overwrite": false,
        "html": true,
        "json": true
      },
      "version": "6.2.0"
    }
  }
}