{
  "stats": {
    "suites": 1,
    "tests": 8,
    "passes": 8,
    "pending": 0,
    "failures": 0,
    "start": "2023-08-14T10:04:37.213Z",
    "end": "2023-08-14T10:04:41.880Z",
    "duration": 4667,
    "testsRegistered": 8,
    "passPercent": 100,
    "pendingPercent": 0,
    "other": 0,
    "hasOther": false,
    "skipped": 0,
    "hasSkipped": false
  },
  "results": [
    {
      "uuid": "9a84c364-2d80-409a-a585-ff5009349723",
      "title": "",
      "fullFile": "cypress/e2e/todoapp/todotest.cy.js",
      "file": "cypress/e2e/todoapp/todotest.cy.js",
      "beforeHooks": [],
      "afterHooks": [],
      "tests": [],
      "suites": [
        {
          "uuid": "3fb19d8a-456f-4a42-b6f9-14792214d902",
          "title": "simple to-do app test suite",
          "fullFile": "",
          "file": "",
          "beforeHooks": [],
          "afterHooks": [],
          "tests": [
            {
              "title": "create task with valid name and date",
              "fullTitle": "simple to-do app test suite create task with valid name and date",
              "timedOut": null,
              "duration": 1121,
              "state": "passed",
              "speed": "fast",
              "pass": true,
              "fail": false,
              "pending": false,
              "context": null,
              "code": "//enter task name\nhome.taskInput('task' + random);\n//enter date\nhome.dateInput(\"2023-03-01\");\nhome.getAddTaskButton().click();",
              "err": {},
              "uuid": "039476f3-7881-4d86-9bd2-ebec7befc58d",
              "parentUUID": "3fb19d8a-456f-4a42-b6f9-14792214d902",
              "isHook": false,
              "skipped": false
            },
            {
              "title": "create task with valid name and date",
              "fullTitle": "simple to-do app test suite create task with valid name and date",
              "timedOut": null,
              "duration": 834,
              "state": "passed",
              "speed": "fast",
              "pass": true,
              "fail": false,
              "pending": false,
              "context": null,
              "code": "//enter task name\nhome.taskInput('task' + random);\n//enter date\nhome.dateInput(\"2023-03-01\");\nhome.getAddTaskButton().click();",
              "err": {},
              "uuid": "59b86438-3563-4fe5-9e15-2e0d45aaec27",
              "parentUUID": "3fb19d8a-456f-4a42-b6f9-14792214d902",
              "isHook": false,
              "skipped": false
            },
            {
              "title": "create task with valid name and date",
              "fullTitle": "simple to-do app test suite create task with valid name and date",
              "timedOut": null,
              "duration": 1037,
              "state": "passed",
              "speed": "fast",
              "pass": true,
              "fail": false,
              "pending": false,
              "context": null,
              "code": "//enter task name\nhome.taskInput('task' + random);\n//enter date\nhome.dateInput(\"2023-03-01\");\nhome.getAddTaskButton().click();",
              "err": {},
              "uuid": "1f76f029-7faf-4d34-a06b-b35671aaafeb",
              "parentUUID": "3fb19d8a-456f-4a42-b6f9-14792214d902",
              "isHook": false,
              "skipped": false
            },
            {
              "title": "can check off an item as Done",
              "fullTitle": "simple to-do app test suite can check off an item as Done",
              "timedOut": null,
              "duration": 275,
              "state": "passed",
              "speed": "fast",
              "pass": true,
              "fail": false,
              "pending": false,
              "context": null,
              "code": "//click on Done on the first item\nhome.getDoneButton(1).click();\n//verify the text has Not done after click on Done\ncy.get(':nth-child(1) > .unmark-as-done').should('have.text', 'Not done');",
              "err": {},
              "uuid": "f062e8c3-c097-4bc6-a696-8c393c7f5ce5",
              "parentUUID": "3fb19d8a-456f-4a42-b6f9-14792214d902",
              "isHook": false,
              "skipped": false
            },
            {
              "title": "can check  Delete an item from the task list",
              "fullTitle": "simple to-do app test suite can check  Delete an item from the task list",
              "timedOut": null,
              "duration": 312,
              "state": "passed",
              "speed": "fast",
              "pass": true,
              "fail": false,
              "pending": false,
              "context": null,
              "code": "//click on delete button on the first item\nhome.getDeleteButton(1).click();\n//Validation the list items to be 2 after delete one item\ncy.get('ul').find('li').should($li => {\n  expect($li).to.have.length(2);\n});",
              "err": {},
              "uuid": "a551cae7-8301-4814-8342-01d7f9db8dbc",
              "parentUUID": "3fb19d8a-456f-4a42-b6f9-14792214d902",
              "isHook": false,
              "skipped": false
            },
            {
              "title": "can check  Mark all Done",
              "fullTitle": "simple to-do app test suite can check  Mark all Done",
              "timedOut": null,
              "duration": 257,
              "state": "passed",
              "speed": "fast",
              "pass": true,
              "fail": false,
              "pending": false,
              "context": null,
              "code": "//click on Mark all done button\nhome.getMarkAllDoneButton().click();\n//Validation the list items to be 2 with Not done UI\ncy.get('ul').find('button.unmark-as-done').should($li => {\n  expect($li).to.have.length(2);\n});",
              "err": {},
              "uuid": "10fdac2c-9e8e-47bb-ac43-756fc4ecd91b",
              "parentUUID": "3fb19d8a-456f-4a42-b6f9-14792214d902",
              "isHook": false,
              "skipped": false
            },
            {
              "title": "can check  Mark all not Done",
              "fullTitle": "simple to-do app test suite can check  Mark all not Done",
              "timedOut": null,
              "duration": 351,
              "state": "passed",
              "speed": "fast",
              "pass": true,
              "fail": false,
              "pending": false,
              "context": null,
              "code": "home.getMarkAllNotDoneButton().click();\n//Validation the list items to be 1 after delete one item\ncy.get('ul').find('button.mark-done-button').should($li => {\n  expect($li).to.have.length(2);\n});",
              "err": {},
              "uuid": "42e2258c-7244-4e6d-b7e0-705b14a15faa",
              "parentUUID": "3fb19d8a-456f-4a42-b6f9-14792214d902",
              "isHook": false,
              "skipped": false
            },
            {
              "title": "can check Delete all task ",
              "fullTitle": "simple to-do app test suite can check Delete all task ",
              "timedOut": null,
              "duration": 352,
              "state": "passed",
              "speed": "fast",
              "pass": true,
              "fail": false,
              "pending": false,
              "context": null,
              "code": "home.getDeleteAllButton().click();\n//Validation the list items to be 1 after delete one item\ncy.get('ul').find('li').should($li => {\n  expect($li).to.have.length(0);\n});",
              "err": {},
              "uuid": "ab3508f7-3893-4b29-a885-7928ba7398e8",
              "parentUUID": "3fb19d8a-456f-4a42-b6f9-14792214d902",
              "isHook": false,
              "skipped": false
            }
          ],
          "suites": [],
          "passes": [
            "039476f3-7881-4d86-9bd2-ebec7befc58d",
            "59b86438-3563-4fe5-9e15-2e0d45aaec27",
            "1f76f029-7faf-4d34-a06b-b35671aaafeb",
            "f062e8c3-c097-4bc6-a696-8c393c7f5ce5",
            "a551cae7-8301-4814-8342-01d7f9db8dbc",
            "10fdac2c-9e8e-47bb-ac43-756fc4ecd91b",
            "42e2258c-7244-4e6d-b7e0-705b14a15faa",
            "ab3508f7-3893-4b29-a885-7928ba7398e8"
          ],
          "failures": [],
          "pending": [],
          "skipped": [],
          "duration": 4539,
          "root": false,
          "rootEmpty": false,
          "_timeout": 2000
        }
      ],
      "passes": [],
      "failures": [],
      "pending": [],
      "skipped": [],
      "duration": 0,
      "root": true,
      "rootEmpty": true,
      "_timeout": 2000
    }
  ],
  "meta": {
    "mocha": {
      "version": "7.0.1"
    },
    "mochawesome": {
      "options": {
        "quiet": false,
        "reportFilename": "mochawesome",
        "saveHtml": false,
        "saveJson": true,
        "consoleReporter": "spec",
        "useInlineDiffs": false,
        "code": true
      },
      "version": "7.1.3"
    },
    "marge": {
      "options": {
        "reportDir": "cypress/results",
        "overwrite": false,
        "html": false,
        "json": true
      },
      "version": "6.2.0"
    }
  }
}